{"C:\\Cosas\\Programacion\\OXYGEN\\Sprints\\nodeApi-miranda\\src\\app.ts": {"path":"C:\\Cosas\\Programacion\\OXYGEN\\Sprints\\nodeApi-miranda\\src\\app.ts","statementMap":{"0":{"start":{"line":2,"column":0},"end":{"line":2,"column":74}},"1":{"start":{"line":3,"column":0},"end":{"line":3,"column":48}},"2":{"start":{"line":4,"column":0},"end":{"line":4,"column":24}},"3":{"start":{"line":6,"column":0},"end":{"line":6,"column":60}},"4":{"start":{"line":7,"column":0},"end":{"line":7,"column":53}},"5":{"start":{"line":8,"column":0},"end":{"line":8,"column":58}},"6":{"start":{"line":9,"column":0},"end":{"line":9,"column":54}},"7":{"start":{"line":10,"column":0},"end":{"line":10,"column":54}},"8":{"start":{"line":12,"column":0},"end":{"line":12,"column":44}},"9":{"start":{"line":14,"column":13},"end":{"line":14,"column":38}},"10":{"start":{"line":17,"column":0},"end":{"line":17,"column":null}},"11":{"start":{"line":18,"column":0},"end":{"line":18,"column":null}},"12":{"start":{"line":21,"column":0},"end":{"line":21,"column":74}},"13":{"start":{"line":21,"column":52},"end":{"line":21,"column":72}},"14":{"start":{"line":22,"column":0},"end":{"line":22,"column":null}},"15":{"start":{"line":23,"column":0},"end":{"line":23,"column":24}},"16":{"start":{"line":26,"column":0},"end":{"line":26,"column":41}},"17":{"start":{"line":27,"column":0},"end":{"line":27,"column":35}},"18":{"start":{"line":28,"column":0},"end":{"line":28,"column":34}},"19":{"start":{"line":29,"column":0},"end":{"line":29,"column":40}},"20":{"start":{"line":31,"column":0},"end":{"line":34,"column":3}},"21":{"start":{"line":32,"column":4},"end":{"line":32,"column":23}},"22":{"start":{"line":33,"column":4},"end":{"line":33,"column":77}}},"fnMap":{"0":{"name":"(anonymous_1)","decl":{"start":{"line":21,"column":19},"end":{"line":21,"column":20}},"loc":{"start":{"line":21,"column":52},"end":{"line":21,"column":72}}},"1":{"name":"(anonymous_2)","decl":{"start":{"line":31,"column":8},"end":{"line":31,"column":9}},"loc":{"start":{"line":31,"column":74},"end":{"line":34,"column":1}}}},"branchMap":{},"s":{"0":1,"1":1,"2":1,"3":1,"4":1,"5":1,"6":1,"7":1,"8":1,"9":1,"10":1,"11":1,"12":1,"13":0,"14":1,"15":1,"16":1,"17":1,"18":1,"19":1,"20":1,"21":0,"22":0},"f":{"0":0,"1":0},"b":{}}
,"C:\\Cosas\\Programacion\\OXYGEN\\Sprints\\nodeApi-miranda\\src\\controllers\\bookings.ts": {"path":"C:\\Cosas\\Programacion\\OXYGEN\\Sprints\\nodeApi-miranda\\src\\controllers\\bookings.ts","statementMap":{"0":{"start":{"line":1,"column":0},"end":{"line":1,"column":50}},"1":{"start":{"line":2,"column":0},"end":{"line":2,"column":54}},"2":{"start":{"line":5,"column":13},"end":{"line":5,"column":43}},"3":{"start":{"line":7,"column":0},"end":{"line":14,"column":3}},"4":{"start":{"line":7,"column":66},"end":{"line":14,"column":2}},"5":{"start":{"line":8,"column":4},"end":{"line":13,"column":null}},"6":{"start":{"line":9,"column":23},"end":{"line":9,"column":60}},"7":{"start":{"line":10,"column":8},"end":{"line":10,"column":25}},"8":{"start":{"line":12,"column":8},"end":{"line":12,"column":null}},"9":{"start":{"line":16,"column":0},"end":{"line":24,"column":3}},"10":{"start":{"line":16,"column":82},"end":{"line":24,"column":2}},"11":{"start":{"line":17,"column":4},"end":{"line":23,"column":null}},"12":{"start":{"line":18,"column":19},"end":{"line":18,"column":32}},"13":{"start":{"line":19,"column":24},"end":{"line":19,"column":56}},"14":{"start":{"line":20,"column":8},"end":{"line":20,"column":25}},"15":{"start":{"line":22,"column":8},"end":{"line":22,"column":null}},"16":{"start":{"line":26,"column":0},"end":{"line":34,"column":3}},"17":{"start":{"line":26,"column":66},"end":{"line":34,"column":2}},"18":{"start":{"line":27,"column":4},"end":{"line":33,"column":null}},"19":{"start":{"line":28,"column":41},"end":{"line":28,"column":49}},"20":{"start":{"line":29,"column":23},"end":{"line":29,"column":72}},"21":{"start":{"line":30,"column":8},"end":{"line":30,"column":null}},"22":{"start":{"line":36,"column":0},"end":{"line":44,"column":3}},"23":{"start":{"line":36,"column":68},"end":{"line":44,"column":2}},"24":{"start":{"line":37,"column":4},"end":{"line":43,"column":null}},"25":{"start":{"line":38,"column":24},"end":{"line":38,"column":77}},"26":{"start":{"line":39,"column":8},"end":{"line":39,"column":78}},"27":{"start":{"line":40,"column":8},"end":{"line":40,"column":26}},"28":{"start":{"line":42,"column":8},"end":{"line":42,"column":null}},"29":{"start":{"line":46,"column":0},"end":{"line":54,"column":3}},"30":{"start":{"line":46,"column":85},"end":{"line":54,"column":2}},"31":{"start":{"line":47,"column":4},"end":{"line":53,"column":null}},"32":{"start":{"line":48,"column":19},"end":{"line":48,"column":32}},"33":{"start":{"line":49,"column":23},"end":{"line":49,"column":54}},"34":{"start":{"line":50,"column":8},"end":{"line":50,"column":25}},"35":{"start":{"line":52,"column":8},"end":{"line":52,"column":null}}},"fnMap":{"0":{"name":"(anonymous_7)","decl":{"start":{"line":7,"column":28},"end":{"line":7,"column":34}},"loc":{"start":{"line":7,"column":66},"end":{"line":14,"column":2}}},"1":{"name":"(anonymous_8)","decl":{"start":{"line":7,"column":66},"end":{"line":7,"column":null}},"loc":{"start":{"line":7,"column":66},"end":{"line":14,"column":1}}},"2":{"name":"(anonymous_9)","decl":{"start":{"line":16,"column":31},"end":{"line":16,"column":37}},"loc":{"start":{"line":16,"column":82},"end":{"line":24,"column":2}}},"3":{"name":"(anonymous_10)","decl":{"start":{"line":16,"column":82},"end":{"line":16,"column":null}},"loc":{"start":{"line":16,"column":82},"end":{"line":24,"column":1}}},"4":{"name":"(anonymous_11)","decl":{"start":{"line":26,"column":29},"end":{"line":26,"column":35}},"loc":{"start":{"line":26,"column":66},"end":{"line":34,"column":2}}},"5":{"name":"(anonymous_12)","decl":{"start":{"line":26,"column":66},"end":{"line":26,"column":null}},"loc":{"start":{"line":26,"column":66},"end":{"line":34,"column":1}}},"6":{"name":"(anonymous_13)","decl":{"start":{"line":36,"column":31},"end":{"line":36,"column":37}},"loc":{"start":{"line":36,"column":68},"end":{"line":44,"column":2}}},"7":{"name":"(anonymous_14)","decl":{"start":{"line":36,"column":68},"end":{"line":36,"column":null}},"loc":{"start":{"line":36,"column":68},"end":{"line":44,"column":1}}},"8":{"name":"(anonymous_15)","decl":{"start":{"line":46,"column":34},"end":{"line":46,"column":40}},"loc":{"start":{"line":46,"column":85},"end":{"line":54,"column":2}}},"9":{"name":"(anonymous_16)","decl":{"start":{"line":46,"column":85},"end":{"line":46,"column":null}},"loc":{"start":{"line":46,"column":85},"end":{"line":54,"column":1}}}},"branchMap":{},"s":{"0":1,"1":1,"2":1,"3":1,"4":2,"5":2,"6":2,"7":2,"8":0,"9":1,"10":1,"11":1,"12":1,"13":1,"14":1,"15":0,"16":1,"17":1,"18":1,"19":1,"20":1,"21":1,"22":1,"23":0,"24":0,"25":0,"26":0,"27":0,"28":0,"29":1,"30":0,"31":0,"32":0,"33":0,"34":0,"35":0},"f":{"0":2,"1":2,"2":1,"3":1,"4":1,"5":1,"6":0,"7":0,"8":0,"9":0},"b":{}}
,"C:\\Cosas\\Programacion\\OXYGEN\\Sprints\\nodeApi-miranda\\src\\controllers\\contact.ts": {"path":"C:\\Cosas\\Programacion\\OXYGEN\\Sprints\\nodeApi-miranda\\src\\controllers\\contact.ts","statementMap":{"0":{"start":{"line":1,"column":0},"end":{"line":1,"column":50}},"1":{"start":{"line":2,"column":0},"end":{"line":2,"column":53}},"2":{"start":{"line":5,"column":13},"end":{"line":5,"column":42}},"3":{"start":{"line":7,"column":0},"end":{"line":14,"column":3}},"4":{"start":{"line":7,"column":65},"end":{"line":14,"column":2}},"5":{"start":{"line":8,"column":4},"end":{"line":13,"column":null}},"6":{"start":{"line":9,"column":23},"end":{"line":9,"column":59}},"7":{"start":{"line":10,"column":8},"end":{"line":10,"column":25}},"8":{"start":{"line":12,"column":8},"end":{"line":12,"column":null}},"9":{"start":{"line":16,"column":0},"end":{"line":24,"column":3}},"10":{"start":{"line":16,"column":81},"end":{"line":24,"column":2}},"11":{"start":{"line":17,"column":4},"end":{"line":23,"column":null}},"12":{"start":{"line":18,"column":19},"end":{"line":18,"column":32}},"13":{"start":{"line":19,"column":24},"end":{"line":19,"column":56}},"14":{"start":{"line":20,"column":8},"end":{"line":20,"column":25}},"15":{"start":{"line":22,"column":8},"end":{"line":22,"column":null}},"16":{"start":{"line":26,"column":0},"end":{"line":34,"column":3}},"17":{"start":{"line":26,"column":65},"end":{"line":34,"column":2}},"18":{"start":{"line":27,"column":4},"end":{"line":33,"column":null}},"19":{"start":{"line":28,"column":41},"end":{"line":28,"column":49}},"20":{"start":{"line":29,"column":23},"end":{"line":29,"column":73}},"21":{"start":{"line":30,"column":8},"end":{"line":30,"column":null}},"22":{"start":{"line":32,"column":8},"end":{"line":32,"column":null}},"23":{"start":{"line":36,"column":0},"end":{"line":44,"column":3}},"24":{"start":{"line":36,"column":67},"end":{"line":44,"column":2}},"25":{"start":{"line":37,"column":4},"end":{"line":43,"column":null}},"26":{"start":{"line":38,"column":24},"end":{"line":38,"column":77}},"27":{"start":{"line":39,"column":8},"end":{"line":39,"column":78}},"28":{"start":{"line":40,"column":8},"end":{"line":40,"column":26}},"29":{"start":{"line":42,"column":8},"end":{"line":42,"column":null}},"30":{"start":{"line":46,"column":0},"end":{"line":54,"column":3}},"31":{"start":{"line":46,"column":84},"end":{"line":54,"column":2}},"32":{"start":{"line":47,"column":4},"end":{"line":53,"column":null}},"33":{"start":{"line":48,"column":19},"end":{"line":48,"column":32}},"34":{"start":{"line":49,"column":23},"end":{"line":49,"column":54}},"35":{"start":{"line":50,"column":8},"end":{"line":50,"column":25}},"36":{"start":{"line":52,"column":8},"end":{"line":52,"column":null}}},"fnMap":{"0":{"name":"(anonymous_7)","decl":{"start":{"line":7,"column":27},"end":{"line":7,"column":33}},"loc":{"start":{"line":7,"column":65},"end":{"line":14,"column":2}}},"1":{"name":"(anonymous_8)","decl":{"start":{"line":7,"column":65},"end":{"line":7,"column":null}},"loc":{"start":{"line":7,"column":65},"end":{"line":14,"column":1}}},"2":{"name":"(anonymous_9)","decl":{"start":{"line":16,"column":30},"end":{"line":16,"column":36}},"loc":{"start":{"line":16,"column":81},"end":{"line":24,"column":2}}},"3":{"name":"(anonymous_10)","decl":{"start":{"line":16,"column":81},"end":{"line":16,"column":null}},"loc":{"start":{"line":16,"column":81},"end":{"line":24,"column":1}}},"4":{"name":"(anonymous_11)","decl":{"start":{"line":26,"column":28},"end":{"line":26,"column":34}},"loc":{"start":{"line":26,"column":65},"end":{"line":34,"column":2}}},"5":{"name":"(anonymous_12)","decl":{"start":{"line":26,"column":65},"end":{"line":26,"column":null}},"loc":{"start":{"line":26,"column":65},"end":{"line":34,"column":1}}},"6":{"name":"(anonymous_13)","decl":{"start":{"line":36,"column":30},"end":{"line":36,"column":36}},"loc":{"start":{"line":36,"column":67},"end":{"line":44,"column":2}}},"7":{"name":"(anonymous_14)","decl":{"start":{"line":36,"column":67},"end":{"line":36,"column":null}},"loc":{"start":{"line":36,"column":67},"end":{"line":44,"column":1}}},"8":{"name":"(anonymous_15)","decl":{"start":{"line":46,"column":33},"end":{"line":46,"column":39}},"loc":{"start":{"line":46,"column":84},"end":{"line":54,"column":2}}},"9":{"name":"(anonymous_16)","decl":{"start":{"line":46,"column":84},"end":{"line":46,"column":null}},"loc":{"start":{"line":46,"column":84},"end":{"line":54,"column":1}}}},"branchMap":{},"s":{"0":1,"1":1,"2":1,"3":1,"4":0,"5":0,"6":0,"7":0,"8":0,"9":1,"10":0,"11":0,"12":0,"13":0,"14":0,"15":0,"16":1,"17":0,"18":0,"19":0,"20":0,"21":0,"22":0,"23":1,"24":0,"25":0,"26":0,"27":0,"28":0,"29":0,"30":1,"31":0,"32":0,"33":0,"34":0,"35":0,"36":0},"f":{"0":0,"1":0,"2":0,"3":0,"4":0,"5":0,"6":0,"7":0,"8":0,"9":0},"b":{}}
,"C:\\Cosas\\Programacion\\OXYGEN\\Sprints\\nodeApi-miranda\\src\\controllers\\login.ts": {"path":"C:\\Cosas\\Programacion\\OXYGEN\\Sprints\\nodeApi-miranda\\src\\controllers\\login.ts","statementMap":{"0":{"start":{"line":1,"column":0},"end":{"line":1,"column":44}},"1":{"start":{"line":2,"column":0},"end":{"line":2,"column":52}},"2":{"start":{"line":4,"column":13},"end":{"line":4,"column":40}},"3":{"start":{"line":6,"column":0},"end":{"line":17,"column":2}},"4":{"start":{"line":6,"column":98},"end":{"line":16,"column":null}},"5":{"start":{"line":7,"column":4},"end":{"line":15,"column":null}},"6":{"start":{"line":8,"column":27},"end":{"line":8,"column":40}},"7":{"start":{"line":9,"column":31},"end":{"line":9,"column":48}},"8":{"start":{"line":11,"column":20},"end":{"line":11,"column":59}},"9":{"start":{"line":12,"column":6},"end":{"line":12,"column":22}},"10":{"start":{"line":14,"column":6},"end":{"line":14,"column":null}}},"fnMap":{"0":{"name":"(anonymous_8)","decl":{"start":{"line":6,"column":25},"end":{"line":6,"column":31}},"loc":{"start":{"line":6,"column":98},"end":{"line":16,"column":null}}},"1":{"name":"(anonymous_9)","decl":{"start":{"line":6,"column":98},"end":{"line":6,"column":null}},"loc":{"start":{"line":6,"column":98},"end":{"line":16,"column":3}}}},"branchMap":{},"s":{"0":1,"1":1,"2":1,"3":1,"4":3,"5":3,"6":3,"7":3,"8":3,"9":2,"10":1},"f":{"0":3,"1":3},"b":{}}
,"C:\\Cosas\\Programacion\\OXYGEN\\Sprints\\nodeApi-miranda\\src\\controllers\\rooms.ts": {"path":"C:\\Cosas\\Programacion\\OXYGEN\\Sprints\\nodeApi-miranda\\src\\controllers\\rooms.ts","statementMap":{"0":{"start":{"line":1,"column":0},"end":{"line":1,"column":50}},"1":{"start":{"line":2,"column":0},"end":{"line":2,"column":49}},"2":{"start":{"line":5,"column":13},"end":{"line":5,"column":39}},"3":{"start":{"line":7,"column":0},"end":{"line":14,"column":3}},"4":{"start":{"line":7,"column":62},"end":{"line":14,"column":2}},"5":{"start":{"line":8,"column":4},"end":{"line":13,"column":null}},"6":{"start":{"line":9,"column":23},"end":{"line":9,"column":55}},"7":{"start":{"line":10,"column":8},"end":{"line":10,"column":25}},"8":{"start":{"line":12,"column":8},"end":{"line":12,"column":null}},"9":{"start":{"line":16,"column":0},"end":{"line":24,"column":3}},"10":{"start":{"line":16,"column":78},"end":{"line":24,"column":2}},"11":{"start":{"line":17,"column":4},"end":{"line":23,"column":null}},"12":{"start":{"line":18,"column":19},"end":{"line":18,"column":32}},"13":{"start":{"line":19,"column":24},"end":{"line":19,"column":54}},"14":{"start":{"line":20,"column":8},"end":{"line":20,"column":25}},"15":{"start":{"line":22,"column":8},"end":{"line":22,"column":null}},"16":{"start":{"line":26,"column":0},"end":{"line":34,"column":3}},"17":{"start":{"line":26,"column":62},"end":{"line":34,"column":2}},"18":{"start":{"line":27,"column":4},"end":{"line":33,"column":null}},"19":{"start":{"line":28,"column":35},"end":{"line":28,"column":43}},"20":{"start":{"line":29,"column":23},"end":{"line":29,"column":64}},"21":{"start":{"line":30,"column":8},"end":{"line":30,"column":null}},"22":{"start":{"line":32,"column":8},"end":{"line":32,"column":null}},"23":{"start":{"line":36,"column":0},"end":{"line":44,"column":3}},"24":{"start":{"line":36,"column":64},"end":{"line":44,"column":2}},"25":{"start":{"line":37,"column":4},"end":{"line":43,"column":null}},"26":{"start":{"line":38,"column":21},"end":{"line":38,"column":72}},"27":{"start":{"line":39,"column":8},"end":{"line":39,"column":73}},"28":{"start":{"line":40,"column":8},"end":{"line":40,"column":23}},"29":{"start":{"line":42,"column":8},"end":{"line":42,"column":null}},"30":{"start":{"line":46,"column":0},"end":{"line":54,"column":3}},"31":{"start":{"line":46,"column":81},"end":{"line":54,"column":2}},"32":{"start":{"line":47,"column":4},"end":{"line":53,"column":null}},"33":{"start":{"line":48,"column":19},"end":{"line":48,"column":32}},"34":{"start":{"line":49,"column":23},"end":{"line":49,"column":52}},"35":{"start":{"line":50,"column":8},"end":{"line":50,"column":25}},"36":{"start":{"line":52,"column":8},"end":{"line":52,"column":null}}},"fnMap":{"0":{"name":"(anonymous_7)","decl":{"start":{"line":7,"column":24},"end":{"line":7,"column":30}},"loc":{"start":{"line":7,"column":62},"end":{"line":14,"column":2}}},"1":{"name":"(anonymous_8)","decl":{"start":{"line":7,"column":62},"end":{"line":7,"column":null}},"loc":{"start":{"line":7,"column":62},"end":{"line":14,"column":1}}},"2":{"name":"(anonymous_9)","decl":{"start":{"line":16,"column":27},"end":{"line":16,"column":33}},"loc":{"start":{"line":16,"column":78},"end":{"line":24,"column":2}}},"3":{"name":"(anonymous_10)","decl":{"start":{"line":16,"column":78},"end":{"line":16,"column":null}},"loc":{"start":{"line":16,"column":78},"end":{"line":24,"column":1}}},"4":{"name":"(anonymous_11)","decl":{"start":{"line":26,"column":25},"end":{"line":26,"column":31}},"loc":{"start":{"line":26,"column":62},"end":{"line":34,"column":2}}},"5":{"name":"(anonymous_12)","decl":{"start":{"line":26,"column":62},"end":{"line":26,"column":null}},"loc":{"start":{"line":26,"column":62},"end":{"line":34,"column":1}}},"6":{"name":"(anonymous_13)","decl":{"start":{"line":36,"column":27},"end":{"line":36,"column":33}},"loc":{"start":{"line":36,"column":64},"end":{"line":44,"column":2}}},"7":{"name":"(anonymous_14)","decl":{"start":{"line":36,"column":64},"end":{"line":36,"column":null}},"loc":{"start":{"line":36,"column":64},"end":{"line":44,"column":1}}},"8":{"name":"(anonymous_15)","decl":{"start":{"line":46,"column":30},"end":{"line":46,"column":36}},"loc":{"start":{"line":46,"column":81},"end":{"line":54,"column":2}}},"9":{"name":"(anonymous_16)","decl":{"start":{"line":46,"column":81},"end":{"line":46,"column":null}},"loc":{"start":{"line":46,"column":81},"end":{"line":54,"column":1}}}},"branchMap":{},"s":{"0":1,"1":1,"2":1,"3":1,"4":0,"5":0,"6":0,"7":0,"8":0,"9":1,"10":0,"11":0,"12":0,"13":0,"14":0,"15":0,"16":1,"17":0,"18":0,"19":0,"20":0,"21":0,"22":0,"23":1,"24":0,"25":0,"26":0,"27":0,"28":0,"29":0,"30":1,"31":0,"32":0,"33":0,"34":0,"35":0,"36":0},"f":{"0":0,"1":0,"2":0,"3":0,"4":0,"5":0,"6":0,"7":0,"8":0,"9":0},"b":{}}
,"C:\\Cosas\\Programacion\\OXYGEN\\Sprints\\nodeApi-miranda\\src\\controllers\\users.ts": {"path":"C:\\Cosas\\Programacion\\OXYGEN\\Sprints\\nodeApi-miranda\\src\\controllers\\users.ts","statementMap":{"0":{"start":{"line":1,"column":0},"end":{"line":1,"column":50}},"1":{"start":{"line":3,"column":0},"end":{"line":3,"column":50}},"2":{"start":{"line":5,"column":13},"end":{"line":5,"column":40}},"3":{"start":{"line":7,"column":0},"end":{"line":14,"column":3}},"4":{"start":{"line":7,"column":63},"end":{"line":14,"column":2}},"5":{"start":{"line":8,"column":4},"end":{"line":13,"column":null}},"6":{"start":{"line":9,"column":23},"end":{"line":9,"column":56}},"7":{"start":{"line":10,"column":8},"end":{"line":10,"column":25}},"8":{"start":{"line":12,"column":8},"end":{"line":12,"column":null}},"9":{"start":{"line":16,"column":0},"end":{"line":24,"column":3}},"10":{"start":{"line":16,"column":79},"end":{"line":24,"column":2}},"11":{"start":{"line":17,"column":4},"end":{"line":23,"column":null}},"12":{"start":{"line":18,"column":19},"end":{"line":18,"column":32}},"13":{"start":{"line":19,"column":24},"end":{"line":19,"column":55}},"14":{"start":{"line":20,"column":8},"end":{"line":20,"column":25}},"15":{"start":{"line":22,"column":8},"end":{"line":22,"column":null}},"16":{"start":{"line":26,"column":0},"end":{"line":34,"column":3}},"17":{"start":{"line":26,"column":63},"end":{"line":34,"column":2}},"18":{"start":{"line":27,"column":4},"end":{"line":33,"column":null}},"19":{"start":{"line":28,"column":36},"end":{"line":28,"column":44}},"20":{"start":{"line":29,"column":23},"end":{"line":29,"column":66}},"21":{"start":{"line":30,"column":8},"end":{"line":30,"column":null}},"22":{"start":{"line":32,"column":8},"end":{"line":32,"column":null}},"23":{"start":{"line":36,"column":0},"end":{"line":44,"column":3}},"24":{"start":{"line":36,"column":65},"end":{"line":44,"column":2}},"25":{"start":{"line":37,"column":4},"end":{"line":43,"column":null}},"26":{"start":{"line":38,"column":21},"end":{"line":38,"column":73}},"27":{"start":{"line":39,"column":8},"end":{"line":39,"column":74}},"28":{"start":{"line":40,"column":8},"end":{"line":40,"column":23}},"29":{"start":{"line":42,"column":8},"end":{"line":42,"column":null}},"30":{"start":{"line":46,"column":0},"end":{"line":54,"column":3}},"31":{"start":{"line":46,"column":82},"end":{"line":54,"column":2}},"32":{"start":{"line":47,"column":4},"end":{"line":53,"column":null}},"33":{"start":{"line":48,"column":19},"end":{"line":48,"column":32}},"34":{"start":{"line":49,"column":23},"end":{"line":49,"column":53}},"35":{"start":{"line":50,"column":8},"end":{"line":50,"column":25}},"36":{"start":{"line":52,"column":8},"end":{"line":52,"column":null}}},"fnMap":{"0":{"name":"(anonymous_7)","decl":{"start":{"line":7,"column":25},"end":{"line":7,"column":31}},"loc":{"start":{"line":7,"column":63},"end":{"line":14,"column":2}}},"1":{"name":"(anonymous_8)","decl":{"start":{"line":7,"column":63},"end":{"line":7,"column":null}},"loc":{"start":{"line":7,"column":63},"end":{"line":14,"column":1}}},"2":{"name":"(anonymous_9)","decl":{"start":{"line":16,"column":28},"end":{"line":16,"column":34}},"loc":{"start":{"line":16,"column":79},"end":{"line":24,"column":2}}},"3":{"name":"(anonymous_10)","decl":{"start":{"line":16,"column":79},"end":{"line":16,"column":null}},"loc":{"start":{"line":16,"column":79},"end":{"line":24,"column":1}}},"4":{"name":"(anonymous_11)","decl":{"start":{"line":26,"column":26},"end":{"line":26,"column":32}},"loc":{"start":{"line":26,"column":63},"end":{"line":34,"column":2}}},"5":{"name":"(anonymous_12)","decl":{"start":{"line":26,"column":63},"end":{"line":26,"column":null}},"loc":{"start":{"line":26,"column":63},"end":{"line":34,"column":1}}},"6":{"name":"(anonymous_13)","decl":{"start":{"line":36,"column":28},"end":{"line":36,"column":34}},"loc":{"start":{"line":36,"column":65},"end":{"line":44,"column":2}}},"7":{"name":"(anonymous_14)","decl":{"start":{"line":36,"column":65},"end":{"line":36,"column":null}},"loc":{"start":{"line":36,"column":65},"end":{"line":44,"column":1}}},"8":{"name":"(anonymous_15)","decl":{"start":{"line":46,"column":31},"end":{"line":46,"column":37}},"loc":{"start":{"line":46,"column":82},"end":{"line":54,"column":2}}},"9":{"name":"(anonymous_16)","decl":{"start":{"line":46,"column":82},"end":{"line":46,"column":null}},"loc":{"start":{"line":46,"column":82},"end":{"line":54,"column":1}}}},"branchMap":{},"s":{"0":1,"1":1,"2":1,"3":1,"4":0,"5":0,"6":0,"7":0,"8":0,"9":1,"10":0,"11":0,"12":0,"13":0,"14":0,"15":0,"16":1,"17":0,"18":0,"19":0,"20":0,"21":0,"22":0,"23":1,"24":0,"25":0,"26":0,"27":0,"28":0,"29":0,"30":1,"31":0,"32":0,"33":0,"34":0,"35":0,"36":0},"f":{"0":0,"1":0,"2":0,"3":0,"4":0,"5":0,"6":0,"7":0,"8":0,"9":0},"b":{}}
,"C:\\Cosas\\Programacion\\OXYGEN\\Sprints\\nodeApi-miranda\\src\\data\\bookingData.ts": {"path":"C:\\Cosas\\Programacion\\OXYGEN\\Sprints\\nodeApi-miranda\\src\\data\\bookingData.ts","statementMap":{"0":{"start":{"line":3,"column":13},"end":{"line":134,"column":null}}},"fnMap":{},"branchMap":{},"s":{"0":1},"f":{},"b":{}}
,"C:\\Cosas\\Programacion\\OXYGEN\\Sprints\\nodeApi-miranda\\src\\data\\contactData.ts": {"path":"C:\\Cosas\\Programacion\\OXYGEN\\Sprints\\nodeApi-miranda\\src\\data\\contactData.ts","statementMap":{"0":{"start":{"line":3,"column":13},"end":{"line":103,"column":null}}},"fnMap":{},"branchMap":{},"s":{"0":1},"f":{},"b":{}}
,"C:\\Cosas\\Programacion\\OXYGEN\\Sprints\\nodeApi-miranda\\src\\data\\roomsData.ts": {"path":"C:\\Cosas\\Programacion\\OXYGEN\\Sprints\\nodeApi-miranda\\src\\data\\roomsData.ts","statementMap":{"0":{"start":{"line":3,"column":13},"end":{"line":822,"column":null}}},"fnMap":{},"branchMap":{},"s":{"0":1},"f":{},"b":{}}
,"C:\\Cosas\\Programacion\\OXYGEN\\Sprints\\nodeApi-miranda\\src\\data\\usersData.ts": {"path":"C:\\Cosas\\Programacion\\OXYGEN\\Sprints\\nodeApi-miranda\\src\\data\\usersData.ts","statementMap":{"0":{"start":{"line":3,"column":13},"end":{"line":124,"column":null}}},"fnMap":{},"branchMap":{},"s":{"0":1},"f":{},"b":{}}
,"C:\\Cosas\\Programacion\\OXYGEN\\Sprints\\nodeApi-miranda\\src\\middlewares\\auth.ts": {"path":"C:\\Cosas\\Programacion\\OXYGEN\\Sprints\\nodeApi-miranda\\src\\middlewares\\auth.ts","statementMap":{"0":{"start":{"line":2,"column":0},"end":{"line":2,"column":43}},"1":{"start":{"line":6,"column":16},"end":{"line":6,"column":39}},"2":{"start":{"line":7,"column":2},"end":{"line":12,"column":null}},"3":{"start":{"line":8,"column":4},"end":{"line":8,"column":33}},"4":{"start":{"line":9,"column":4},"end":{"line":9,"column":11}},"5":{"start":{"line":11,"column":4},"end":{"line":11,"column":null}},"6":{"start":{"line":5,"column":0},"end":{"line":5,"column":24}}},"fnMap":{"0":{"name":"authMiddleware","decl":{"start":{"line":5,"column":24},"end":{"line":5,"column":38}},"loc":{"start":{"line":5,"column":123},"end":{"line":13,"column":1}}}},"branchMap":{"0":{"loc":{"start":{"line":6,"column":16},"end":{"line":6,"column":39}},"type":"binary-expr","locations":[{"start":{"line":6,"column":16},"end":{"line":6,"column":33}},{"start":{"line":6,"column":37},"end":{"line":6,"column":39}}]}},"s":{"0":1,"1":5,"2":5,"3":5,"4":4,"5":1,"6":1},"f":{"0":5},"b":{"0":[5,1]}}
,"C:\\Cosas\\Programacion\\OXYGEN\\Sprints\\nodeApi-miranda\\src\\services\\bookings.ts": {"path":"C:\\Cosas\\Programacion\\OXYGEN\\Sprints\\nodeApi-miranda\\src\\services\\bookings.ts","statementMap":{"0":{"start":{"line":1,"column":0},"end":{"line":1,"column":48}},"1":{"start":{"line":4,"column":13},"end":{"line":4,"column":51}},"2":{"start":{"line":7,"column":19},"end":{"line":7,"column":33}},"3":{"start":{"line":8,"column":4},"end":{"line":8,"column":18}},"4":{"start":{"line":12,"column":20},"end":{"line":12,"column":74}},"5":{"start":{"line":12,"column":48},"end":{"line":12,"column":73}},"6":{"start":{"line":13,"column":1},"end":{"line":13,"column":null}},"7":{"start":{"line":13,"column":28},"end":{"line":13,"column":null}},"8":{"start":{"line":14,"column":4},"end":{"line":14,"column":19}},"9":{"start":{"line":18,"column":4},"end":{"line":18,"column":33}},"10":{"start":{"line":19,"column":4},"end":{"line":19,"column":20}},"11":{"start":{"line":23,"column":4},"end":{"line":31,"column":null}},"12":{"start":{"line":24,"column":8},"end":{"line":29,"column":null}},"13":{"start":{"line":25,"column":12},"end":{"line":27,"column":null}},"14":{"start":{"line":30,"column":8},"end":{"line":30,"column":20}},"15":{"start":{"line":35,"column":41},"end":{"line":35,"column":97}},"16":{"start":{"line":35,"column":71},"end":{"line":35,"column":96}},"17":{"start":{"line":36,"column":4},"end":{"line":36,"column":27}},"18":{"start":{"line":39,"column":13},"end":{"line":45,"column":2}}},"fnMap":{"0":{"name":"getAllBookings","decl":{"start":{"line":6,"column":15},"end":{"line":6,"column":29}},"loc":{"start":{"line":6,"column":29},"end":{"line":9,"column":null}}},"1":{"name":"getById","decl":{"start":{"line":11,"column":15},"end":{"line":11,"column":22}},"loc":{"start":{"line":11,"column":33},"end":{"line":15,"column":null}}},"2":{"name":"(anonymous_11)","decl":{"start":{"line":12,"column":40},"end":{"line":12,"column":44}},"loc":{"start":{"line":12,"column":48},"end":{"line":12,"column":73}}},"3":{"name":"createBooking","decl":{"start":{"line":17,"column":15},"end":{"line":17,"column":28}},"loc":{"start":{"line":17,"column":47},"end":{"line":20,"column":null}}},"4":{"name":"updateBooking","decl":{"start":{"line":22,"column":15},"end":{"line":22,"column":28}},"loc":{"start":{"line":22,"column":71},"end":{"line":32,"column":null}}},"5":{"name":"(anonymous_16)","decl":{"start":{"line":23,"column":17},"end":{"line":23,"column":18}},"loc":{"start":{"line":23,"column":26},"end":{"line":31,"column":5}}},"6":{"name":"_delete","decl":{"start":{"line":34,"column":15},"end":{"line":34,"column":22}},"loc":{"start":{"line":34,"column":33},"end":{"line":37,"column":null}}},"7":{"name":"(anonymous_19)","decl":{"start":{"line":35,"column":63},"end":{"line":35,"column":67}},"loc":{"start":{"line":35,"column":71},"end":{"line":35,"column":96}}}},"branchMap":{"0":{"loc":{"start":{"line":13,"column":1},"end":{"line":13,"column":null}},"type":"if","locations":[{"start":{"line":13,"column":1},"end":{"line":13,"column":null}}]},"1":{"loc":{"start":{"line":24,"column":8},"end":{"line":29,"column":null}},"type":"if","locations":[{"start":{"line":24,"column":8},"end":{"line":29,"column":null}}]}},"s":{"0":1,"1":1,"2":2,"3":2,"4":1,"5":1,"6":1,"7":0,"8":1,"9":1,"10":1,"11":0,"12":0,"13":0,"14":0,"15":0,"16":0,"17":0,"18":1},"f":{"0":2,"1":1,"2":1,"3":1,"4":0,"5":0,"6":0,"7":0},"b":{"0":[0],"1":[0]}}
,"C:\\Cosas\\Programacion\\OXYGEN\\Sprints\\nodeApi-miranda\\src\\services\\contact.ts": {"path":"C:\\Cosas\\Programacion\\OXYGEN\\Sprints\\nodeApi-miranda\\src\\services\\contact.ts","statementMap":{"0":{"start":{"line":1,"column":0},"end":{"line":1,"column":50}},"1":{"start":{"line":4,"column":13},"end":{"line":4,"column":50}},"2":{"start":{"line":7,"column":19},"end":{"line":7,"column":33}},"3":{"start":{"line":8,"column":4},"end":{"line":8,"column":18}},"4":{"start":{"line":12,"column":20},"end":{"line":12,"column":74}},"5":{"start":{"line":12,"column":48},"end":{"line":12,"column":73}},"6":{"start":{"line":13,"column":1},"end":{"line":13,"column":null}},"7":{"start":{"line":13,"column":28},"end":{"line":13,"column":null}},"8":{"start":{"line":14,"column":4},"end":{"line":14,"column":19}},"9":{"start":{"line":18,"column":4},"end":{"line":18,"column":33}},"10":{"start":{"line":19,"column":4},"end":{"line":19,"column":20}},"11":{"start":{"line":23,"column":4},"end":{"line":31,"column":null}},"12":{"start":{"line":24,"column":8},"end":{"line":29,"column":null}},"13":{"start":{"line":25,"column":12},"end":{"line":27,"column":null}},"14":{"start":{"line":30,"column":8},"end":{"line":30,"column":20}},"15":{"start":{"line":35,"column":39},"end":{"line":35,"column":95}},"16":{"start":{"line":35,"column":69},"end":{"line":35,"column":94}},"17":{"start":{"line":36,"column":4},"end":{"line":36,"column":26}},"18":{"start":{"line":39,"column":13},"end":{"line":45,"column":2}}},"fnMap":{"0":{"name":"getAllContact","decl":{"start":{"line":6,"column":15},"end":{"line":6,"column":28}},"loc":{"start":{"line":6,"column":28},"end":{"line":9,"column":null}}},"1":{"name":"getById","decl":{"start":{"line":11,"column":15},"end":{"line":11,"column":22}},"loc":{"start":{"line":11,"column":33},"end":{"line":15,"column":null}}},"2":{"name":"(anonymous_11)","decl":{"start":{"line":12,"column":40},"end":{"line":12,"column":44}},"loc":{"start":{"line":12,"column":48},"end":{"line":12,"column":73}}},"3":{"name":"createContact","decl":{"start":{"line":17,"column":15},"end":{"line":17,"column":28}},"loc":{"start":{"line":17,"column":46},"end":{"line":20,"column":null}}},"4":{"name":"updateContact","decl":{"start":{"line":22,"column":15},"end":{"line":22,"column":28}},"loc":{"start":{"line":22,"column":70},"end":{"line":32,"column":null}}},"5":{"name":"(anonymous_16)","decl":{"start":{"line":23,"column":17},"end":{"line":23,"column":18}},"loc":{"start":{"line":23,"column":26},"end":{"line":31,"column":5}}},"6":{"name":"_delete","decl":{"start":{"line":34,"column":15},"end":{"line":34,"column":22}},"loc":{"start":{"line":34,"column":33},"end":{"line":37,"column":null}}},"7":{"name":"(anonymous_19)","decl":{"start":{"line":35,"column":61},"end":{"line":35,"column":65}},"loc":{"start":{"line":35,"column":69},"end":{"line":35,"column":94}}}},"branchMap":{"0":{"loc":{"start":{"line":13,"column":1},"end":{"line":13,"column":null}},"type":"if","locations":[{"start":{"line":13,"column":1},"end":{"line":13,"column":null}}]},"1":{"loc":{"start":{"line":24,"column":8},"end":{"line":29,"column":null}},"type":"if","locations":[{"start":{"line":24,"column":8},"end":{"line":29,"column":null}}]}},"s":{"0":1,"1":1,"2":0,"3":0,"4":0,"5":0,"6":0,"7":0,"8":0,"9":0,"10":0,"11":0,"12":0,"13":0,"14":0,"15":0,"16":0,"17":0,"18":1},"f":{"0":0,"1":0,"2":0,"3":0,"4":0,"5":0,"6":0,"7":0},"b":{"0":[0],"1":[0]}}
,"C:\\Cosas\\Programacion\\OXYGEN\\Sprints\\nodeApi-miranda\\src\\services\\login.ts": {"path":"C:\\Cosas\\Programacion\\OXYGEN\\Sprints\\nodeApi-miranda\\src\\services\\login.ts","statementMap":{"0":{"start":{"line":1,"column":0},"end":{"line":1,"column":31}},"1":{"start":{"line":2,"column":0},"end":{"line":2,"column":23}},"2":{"start":{"line":4,"column":20},"end":{"line":7,"column":2}},"3":{"start":{"line":9,"column":27},"end":{"line":9,"column":55}},"4":{"start":{"line":12,"column":4},"end":{"line":15,"column":null}},"5":{"start":{"line":13,"column":23},"end":{"line":13,"column":44}},"6":{"start":{"line":14,"column":8},"end":{"line":14,"column":22}},"7":{"start":{"line":16,"column":4},"end":{"line":16,"column":39}},"8":{"start":{"line":19,"column":18},"end":{"line":19,"column":66}},"9":{"start":{"line":20,"column":4},"end":{"line":20,"column":28}},"10":{"start":{"line":23,"column":4},"end":{"line":27,"column":null}},"11":{"start":{"line":24,"column":8},"end":{"line":25,"column":65}},"12":{"start":{"line":25,"column":12},"end":{"line":25,"column":65}},"13":{"start":{"line":26,"column":8},"end":{"line":26,"column":21}},"14":{"start":{"line":30,"column":13},"end":{"line":34,"column":2}},"15":{"start":{"line":36,"column":0},"end":{"line":36,"column":27}}},"fnMap":{"0":{"name":"login","decl":{"start":{"line":11,"column":15},"end":{"line":11,"column":20}},"loc":{"start":{"line":11,"column":51},"end":{"line":17,"column":null}}},"1":{"name":"signJWT","decl":{"start":{"line":18,"column":9},"end":{"line":18,"column":16}},"loc":{"start":{"line":18,"column":42},"end":{"line":21,"column":1}}},"2":{"name":"verifyJWT","decl":{"start":{"line":22,"column":9},"end":{"line":22,"column":18}},"loc":{"start":{"line":22,"column":32},"end":{"line":28,"column":1}}},"3":{"name":"(anonymous_12)","decl":{"start":{"line":23,"column":34},"end":{"line":23,"column":35}},"loc":{"start":{"line":23,"column":49},"end":{"line":27,"column":5}}}},"branchMap":{"0":{"loc":{"start":{"line":9,"column":27},"end":{"line":9,"column":55}},"type":"binary-expr","locations":[{"start":{"line":9,"column":27},"end":{"line":9,"column":49}},{"start":{"line":9,"column":53},"end":{"line":9,"column":55}}]},"1":{"loc":{"start":{"line":12,"column":4},"end":{"line":15,"column":null}},"type":"if","locations":[{"start":{"line":12,"column":4},"end":{"line":15,"column":null}}]},"2":{"loc":{"start":{"line":12,"column":7},"end":{"line":12,"column":69}},"type":"binary-expr","locations":[{"start":{"line":12,"column":7},"end":{"line":12,"column":32}},{"start":{"line":12,"column":36},"end":{"line":12,"column":69}}]},"3":{"loc":{"start":{"line":24,"column":8},"end":{"line":25,"column":65}},"type":"if","locations":[{"start":{"line":24,"column":8},"end":{"line":25,"column":65}}]}},"s":{"0":1,"1":1,"2":1,"3":1,"4":3,"5":2,"6":2,"7":1,"8":2,"9":2,"10":5,"11":5,"12":1,"13":4,"14":1,"15":1},"f":{"0":3,"1":2,"2":5,"3":5},"b":{"0":[1,0],"1":[2],"2":[3,2],"3":[1]}}
,"C:\\Cosas\\Programacion\\OXYGEN\\Sprints\\nodeApi-miranda\\src\\services\\rooms.ts": {"path":"C:\\Cosas\\Programacion\\OXYGEN\\Sprints\\nodeApi-miranda\\src\\services\\rooms.ts","statementMap":{"0":{"start":{"line":1,"column":0},"end":{"line":1,"column":44}},"1":{"start":{"line":4,"column":13},"end":{"line":4,"column":43}},"2":{"start":{"line":7,"column":19},"end":{"line":7,"column":30}},"3":{"start":{"line":8,"column":4},"end":{"line":8,"column":18}},"4":{"start":{"line":12,"column":17},"end":{"line":12,"column":68}},"5":{"start":{"line":12,"column":42},"end":{"line":12,"column":67}},"6":{"start":{"line":13,"column":1},"end":{"line":13,"column":null}},"7":{"start":{"line":13,"column":25},"end":{"line":13,"column":null}},"8":{"start":{"line":14,"column":4},"end":{"line":14,"column":16}},"9":{"start":{"line":18,"column":4},"end":{"line":18,"column":27}},"10":{"start":{"line":19,"column":4},"end":{"line":19,"column":17}},"11":{"start":{"line":23,"column":4},"end":{"line":31,"column":null}},"12":{"start":{"line":24,"column":8},"end":{"line":29,"column":null}},"13":{"start":{"line":25,"column":12},"end":{"line":27,"column":null}},"14":{"start":{"line":30,"column":8},"end":{"line":30,"column":20}},"15":{"start":{"line":35,"column":35},"end":{"line":35,"column":88}},"16":{"start":{"line":35,"column":62},"end":{"line":35,"column":87}},"17":{"start":{"line":36,"column":4},"end":{"line":36,"column":24}},"18":{"start":{"line":39,"column":13},"end":{"line":45,"column":2}}},"fnMap":{"0":{"name":"getAllRooms","decl":{"start":{"line":6,"column":15},"end":{"line":6,"column":26}},"loc":{"start":{"line":6,"column":26},"end":{"line":9,"column":null}}},"1":{"name":"getById","decl":{"start":{"line":11,"column":15},"end":{"line":11,"column":22}},"loc":{"start":{"line":11,"column":33},"end":{"line":15,"column":null}}},"2":{"name":"(anonymous_11)","decl":{"start":{"line":12,"column":34},"end":{"line":12,"column":38}},"loc":{"start":{"line":12,"column":42},"end":{"line":12,"column":67}}},"3":{"name":"createRoom","decl":{"start":{"line":17,"column":15},"end":{"line":17,"column":25}},"loc":{"start":{"line":17,"column":38},"end":{"line":20,"column":null}}},"4":{"name":"updateRoom","decl":{"start":{"line":22,"column":15},"end":{"line":22,"column":25}},"loc":{"start":{"line":22,"column":65},"end":{"line":32,"column":null}}},"5":{"name":"(anonymous_16)","decl":{"start":{"line":23,"column":14},"end":{"line":23,"column":15}},"loc":{"start":{"line":23,"column":23},"end":{"line":31,"column":5}}},"6":{"name":"_delete","decl":{"start":{"line":34,"column":15},"end":{"line":34,"column":22}},"loc":{"start":{"line":34,"column":33},"end":{"line":37,"column":null}}},"7":{"name":"(anonymous_19)","decl":{"start":{"line":35,"column":54},"end":{"line":35,"column":58}},"loc":{"start":{"line":35,"column":62},"end":{"line":35,"column":87}}}},"branchMap":{"0":{"loc":{"start":{"line":13,"column":1},"end":{"line":13,"column":null}},"type":"if","locations":[{"start":{"line":13,"column":1},"end":{"line":13,"column":null}}]},"1":{"loc":{"start":{"line":24,"column":8},"end":{"line":29,"column":null}},"type":"if","locations":[{"start":{"line":24,"column":8},"end":{"line":29,"column":null}}]}},"s":{"0":1,"1":1,"2":0,"3":0,"4":0,"5":0,"6":0,"7":0,"8":0,"9":0,"10":0,"11":0,"12":0,"13":0,"14":0,"15":0,"16":0,"17":0,"18":1},"f":{"0":0,"1":0,"2":0,"3":0,"4":0,"5":0,"6":0,"7":0},"b":{"0":[0],"1":[0]}}
,"C:\\Cosas\\Programacion\\OXYGEN\\Sprints\\nodeApi-miranda\\src\\services\\users.ts": {"path":"C:\\Cosas\\Programacion\\OXYGEN\\Sprints\\nodeApi-miranda\\src\\services\\users.ts","statementMap":{"0":{"start":{"line":1,"column":0},"end":{"line":1,"column":46}},"1":{"start":{"line":4,"column":13},"end":{"line":4,"column":43}},"2":{"start":{"line":7,"column":19},"end":{"line":7,"column":34}},"3":{"start":{"line":8,"column":4},"end":{"line":8,"column":18}},"4":{"start":{"line":12,"column":17},"end":{"line":12,"column":72}},"5":{"start":{"line":12,"column":46},"end":{"line":12,"column":71}},"6":{"start":{"line":13,"column":1},"end":{"line":13,"column":null}},"7":{"start":{"line":13,"column":25},"end":{"line":13,"column":null}},"8":{"start":{"line":14,"column":4},"end":{"line":14,"column":16}},"9":{"start":{"line":18,"column":4},"end":{"line":18,"column":31}},"10":{"start":{"line":19,"column":4},"end":{"line":19,"column":21}},"11":{"start":{"line":23,"column":4},"end":{"line":31,"column":null}},"12":{"start":{"line":24,"column":8},"end":{"line":29,"column":null}},"13":{"start":{"line":25,"column":12},"end":{"line":27,"column":null}},"14":{"start":{"line":30,"column":8},"end":{"line":30,"column":20}},"15":{"start":{"line":35,"column":34},"end":{"line":35,"column":91}},"16":{"start":{"line":35,"column":65},"end":{"line":35,"column":90}},"17":{"start":{"line":36,"column":4},"end":{"line":36,"column":23}},"18":{"start":{"line":39,"column":13},"end":{"line":45,"column":2}}},"fnMap":{"0":{"name":"getAllUsers","decl":{"start":{"line":6,"column":15},"end":{"line":6,"column":26}},"loc":{"start":{"line":6,"column":26},"end":{"line":9,"column":null}}},"1":{"name":"getById","decl":{"start":{"line":11,"column":15},"end":{"line":11,"column":22}},"loc":{"start":{"line":11,"column":33},"end":{"line":15,"column":null}}},"2":{"name":"(anonymous_11)","decl":{"start":{"line":12,"column":38},"end":{"line":12,"column":42}},"loc":{"start":{"line":12,"column":46},"end":{"line":12,"column":71}}},"3":{"name":"createUser","decl":{"start":{"line":17,"column":15},"end":{"line":17,"column":25}},"loc":{"start":{"line":17,"column":38},"end":{"line":20,"column":null}}},"4":{"name":"updateUser","decl":{"start":{"line":22,"column":15},"end":{"line":22,"column":25}},"loc":{"start":{"line":22,"column":65},"end":{"line":32,"column":null}}},"5":{"name":"(anonymous_16)","decl":{"start":{"line":23,"column":18},"end":{"line":23,"column":19}},"loc":{"start":{"line":23,"column":27},"end":{"line":31,"column":5}}},"6":{"name":"_delete","decl":{"start":{"line":34,"column":15},"end":{"line":34,"column":22}},"loc":{"start":{"line":34,"column":33},"end":{"line":37,"column":null}}},"7":{"name":"(anonymous_19)","decl":{"start":{"line":35,"column":57},"end":{"line":35,"column":61}},"loc":{"start":{"line":35,"column":65},"end":{"line":35,"column":90}}}},"branchMap":{"0":{"loc":{"start":{"line":13,"column":1},"end":{"line":13,"column":null}},"type":"if","locations":[{"start":{"line":13,"column":1},"end":{"line":13,"column":null}}]},"1":{"loc":{"start":{"line":24,"column":8},"end":{"line":29,"column":null}},"type":"if","locations":[{"start":{"line":24,"column":8},"end":{"line":29,"column":null}}]}},"s":{"0":1,"1":1,"2":0,"3":0,"4":0,"5":0,"6":0,"7":0,"8":0,"9":0,"10":0,"11":0,"12":0,"13":0,"14":0,"15":0,"16":0,"17":0,"18":1},"f":{"0":0,"1":0,"2":0,"3":0,"4":0,"5":0,"6":0,"7":0},"b":{"0":[0],"1":[0]}}
}
