TN:
SF:src\app.ts
FN:21,(anonymous_1)
FN:31,(anonymous_2)
FNF:2
FNH:0
FNDA:0,(anonymous_1)
FNDA:0,(anonymous_2)
DA:2,1
DA:3,1
DA:4,1
DA:6,1
DA:7,1
DA:8,1
DA:9,1
DA:10,1
DA:12,1
DA:14,1
DA:17,1
DA:18,1
DA:21,1
DA:22,1
DA:23,1
DA:26,1
DA:27,1
DA:28,1
DA:29,1
DA:31,1
DA:32,0
DA:33,0
LF:22
LH:20
BRF:0
BRH:0
end_of_record
TN:
SF:src\controllers\bookings.ts
FN:8,(anonymous_7)
FN:8,(anonymous_8)
FN:18,(anonymous_9)
FN:18,(anonymous_10)
FN:28,(anonymous_11)
FN:28,(anonymous_12)
FN:38,(anonymous_13)
FN:38,(anonymous_14)
FN:48,(anonymous_15)
FN:48,(anonymous_16)
FNF:10
FNH:0
FNDA:0,(anonymous_7)
FNDA:0,(anonymous_8)
FNDA:0,(anonymous_9)
FNDA:0,(anonymous_10)
FNDA:0,(anonymous_11)
FNDA:0,(anonymous_12)
FNDA:0,(anonymous_13)
FNDA:0,(anonymous_14)
FNDA:0,(anonymous_15)
FNDA:0,(anonymous_16)
DA:1,1
DA:2,1
DA:3,1
DA:6,1
DA:8,1
DA:9,0
DA:10,0
DA:11,0
DA:12,0
DA:14,0
DA:18,1
DA:19,0
DA:20,0
DA:21,0
DA:22,0
DA:24,0
DA:28,1
DA:29,0
DA:30,0
DA:31,0
DA:32,0
DA:38,1
DA:39,0
DA:40,0
DA:41,0
DA:42,0
DA:44,0
DA:48,1
DA:49,0
DA:50,0
DA:51,0
DA:52,0
DA:54,0
LF:33
LH:9
BRF:0
BRH:0
end_of_record
TN:
SF:src\controllers\contact.ts
FN:8,(anonymous_7)
FN:8,(anonymous_8)
FN:18,(anonymous_9)
FN:18,(anonymous_10)
FN:28,(anonymous_11)
FN:28,(anonymous_12)
FN:38,(anonymous_13)
FN:38,(anonymous_14)
FN:48,(anonymous_15)
FN:48,(anonymous_16)
FNF:10
FNH:0
FNDA:0,(anonymous_7)
FNDA:0,(anonymous_8)
FNDA:0,(anonymous_9)
FNDA:0,(anonymous_10)
FNDA:0,(anonymous_11)
FNDA:0,(anonymous_12)
FNDA:0,(anonymous_13)
FNDA:0,(anonymous_14)
FNDA:0,(anonymous_15)
FNDA:0,(anonymous_16)
DA:1,1
DA:2,1
DA:3,1
DA:6,1
DA:8,1
DA:9,0
DA:10,0
DA:11,0
DA:12,0
DA:14,0
DA:18,1
DA:19,0
DA:20,0
DA:21,0
DA:22,0
DA:24,0
DA:28,1
DA:29,0
DA:30,0
DA:31,0
DA:32,0
DA:34,0
DA:38,1
DA:39,0
DA:40,0
DA:41,0
DA:42,0
DA:44,0
DA:48,1
DA:49,0
DA:50,0
DA:51,0
DA:52,0
DA:54,0
LF:34
LH:9
BRF:0
BRH:0
end_of_record
TN:
SF:src\controllers\login.ts
FN:6,(anonymous_8)
FN:6,(anonymous_9)
FNF:2
FNH:2
FNDA:1,(anonymous_8)
FNDA:1,(anonymous_9)
DA:1,1
DA:2,1
DA:4,1
DA:6,1
DA:7,1
DA:8,1
DA:9,1
DA:11,1
DA:12,1
DA:14,0
LF:10
LH:9
BRF:0
BRH:0
end_of_record
TN:
SF:src\controllers\rooms.ts
FN:8,(anonymous_7)
FN:8,(anonymous_8)
FN:18,(anonymous_9)
FN:18,(anonymous_10)
FN:28,(anonymous_11)
FN:28,(anonymous_12)
FN:38,(anonymous_13)
FN:38,(anonymous_14)
FN:48,(anonymous_15)
FN:48,(anonymous_16)
FNF:10
FNH:0
FNDA:0,(anonymous_7)
FNDA:0,(anonymous_8)
FNDA:0,(anonymous_9)
FNDA:0,(anonymous_10)
FNDA:0,(anonymous_11)
FNDA:0,(anonymous_12)
FNDA:0,(anonymous_13)
FNDA:0,(anonymous_14)
FNDA:0,(anonymous_15)
FNDA:0,(anonymous_16)
DA:1,1
DA:2,1
DA:4,1
DA:6,1
DA:8,1
DA:9,0
DA:10,0
DA:11,0
DA:12,0
DA:14,0
DA:18,1
DA:19,0
DA:20,0
DA:21,0
DA:22,0
DA:24,0
DA:28,1
DA:29,0
DA:30,0
DA:31,0
DA:32,0
DA:34,0
DA:38,1
DA:39,0
DA:40,0
DA:41,0
DA:42,0
DA:44,0
DA:48,1
DA:49,0
DA:50,0
DA:51,0
DA:52,0
DA:54,0
LF:34
LH:9
BRF:0
BRH:0
end_of_record
TN:
SF:src\controllers\users.ts
FN:8,(anonymous_7)
FN:8,(anonymous_8)
FN:18,(anonymous_9)
FN:18,(anonymous_10)
FN:28,(anonymous_11)
FN:28,(anonymous_12)
FN:38,(anonymous_13)
FN:38,(anonymous_14)
FN:48,(anonymous_15)
FN:48,(anonymous_16)
FNF:10
FNH:0
FNDA:0,(anonymous_7)
FNDA:0,(anonymous_8)
FNDA:0,(anonymous_9)
FNDA:0,(anonymous_10)
FNDA:0,(anonymous_11)
FNDA:0,(anonymous_12)
FNDA:0,(anonymous_13)
FNDA:0,(anonymous_14)
FNDA:0,(anonymous_15)
FNDA:0,(anonymous_16)
DA:1,1
DA:2,1
DA:4,1
DA:6,1
DA:8,1
DA:9,0
DA:10,0
DA:11,0
DA:12,0
DA:14,0
DA:18,1
DA:19,0
DA:20,0
DA:21,0
DA:22,0
DA:24,0
DA:28,1
DA:29,0
DA:30,0
DA:31,0
DA:32,0
DA:34,0
DA:38,1
DA:39,0
DA:40,0
DA:41,0
DA:42,0
DA:44,0
DA:48,1
DA:49,0
DA:50,0
DA:51,0
DA:52,0
DA:54,0
LF:34
LH:9
BRF:0
BRH:0
end_of_record
TN:
SF:src\data\bookingData.ts
FNF:0
FNH:0
DA:3,1
LF:1
LH:1
BRF:0
BRH:0
end_of_record
TN:
SF:src\data\contactData.ts
FNF:0
FNH:0
DA:3,1
LF:1
LH:1
BRF:0
BRH:0
end_of_record
TN:
SF:src\data\roomsData.ts
FNF:0
FNH:0
DA:3,1
LF:1
LH:1
BRF:0
BRH:0
end_of_record
TN:
SF:src\data\usersData.ts
FNF:0
FNH:0
DA:3,1
LF:1
LH:1
BRF:0
BRH:0
end_of_record
TN:
SF:src\middlewares\auth.ts
FN:5,authMiddleware
FNF:1
FNH:0
FNDA:0,authMiddleware
DA:2,1
DA:5,1
DA:6,0
DA:7,0
DA:8,0
DA:9,0
DA:11,0
LF:7
LH:2
BRDA:6,0,0,0
BRDA:6,0,1,0
BRF:2
BRH:0
end_of_record
TN:
SF:src\services\bookings.ts
FN:6,getAllBookings
FN:11,getById
FN:12,(anonymous_11)
FN:17,createBooking
FN:22,updateBooking
FN:23,(anonymous_16)
FN:34,_delete
FN:35,(anonymous_19)
FNF:8
FNH:0
FNDA:0,getAllBookings
FNDA:0,getById
FNDA:0,(anonymous_11)
FNDA:0,createBooking
FNDA:0,updateBooking
FNDA:0,(anonymous_16)
FNDA:0,_delete
FNDA:0,(anonymous_19)
DA:1,1
DA:4,1
DA:7,0
DA:8,0
DA:12,0
DA:13,0
DA:14,0
DA:18,0
DA:19,0
DA:23,0
DA:24,0
DA:25,0
DA:30,0
DA:35,0
DA:36,0
DA:39,1
LF:16
LH:3
BRDA:13,0,0,0
BRDA:24,1,0,0
BRF:2
BRH:0
end_of_record
TN:
SF:src\services\contact.ts
FN:6,getAllContact
FN:11,getById
FN:12,(anonymous_11)
FN:17,createContact
FN:22,updateContact
FN:23,(anonymous_16)
FN:34,_delete
FN:35,(anonymous_19)
FNF:8
FNH:0
FNDA:0,getAllContact
FNDA:0,getById
FNDA:0,(anonymous_11)
FNDA:0,createContact
FNDA:0,updateContact
FNDA:0,(anonymous_16)
FNDA:0,_delete
FNDA:0,(anonymous_19)
DA:1,1
DA:4,1
DA:7,0
DA:8,0
DA:12,0
DA:13,0
DA:14,0
DA:18,0
DA:19,0
DA:23,0
DA:24,0
DA:25,0
DA:30,0
DA:35,0
DA:36,0
DA:39,1
LF:16
LH:3
BRDA:13,0,0,0
BRDA:24,1,0,0
BRF:2
BRH:0
end_of_record
TN:
SF:src\services\login.ts
FN:11,login
FN:18,signJWT
FN:22,verifyJWT
FN:23,(anonymous_12)
FNF:4
FNH:2
FNDA:1,login
FNDA:1,signJWT
FNDA:0,verifyJWT
FNDA:0,(anonymous_12)
DA:1,1
DA:2,1
DA:4,1
DA:9,1
DA:12,1
DA:13,1
DA:14,1
DA:16,0
DA:19,1
DA:20,1
DA:23,0
DA:24,0
DA:25,0
DA:26,0
DA:30,1
DA:36,1
LF:16
LH:11
BRDA:9,0,0,1
BRDA:9,0,1,0
BRDA:12,1,0,1
BRDA:12,2,0,1
BRDA:12,2,1,1
BRDA:24,3,0,0
BRF:6
BRH:4
end_of_record
TN:
SF:src\services\rooms.ts
FN:6,getAllRooms
FN:11,getById
FN:12,(anonymous_11)
FN:17,createRoom
FN:22,updateRoom
FN:23,(anonymous_16)
FN:34,_delete
FN:35,(anonymous_19)
FNF:8
FNH:0
FNDA:0,getAllRooms
FNDA:0,getById
FNDA:0,(anonymous_11)
FNDA:0,createRoom
FNDA:0,updateRoom
FNDA:0,(anonymous_16)
FNDA:0,_delete
FNDA:0,(anonymous_19)
DA:1,1
DA:4,1
DA:7,0
DA:8,0
DA:12,0
DA:13,0
DA:14,0
DA:18,0
DA:19,0
DA:23,0
DA:24,0
DA:25,0
DA:30,0
DA:35,0
DA:36,0
DA:39,1
LF:16
LH:3
BRDA:13,0,0,0
BRDA:24,1,0,0
BRF:2
BRH:0
end_of_record
TN:
SF:src\services\users.ts
FN:6,getAllUsers
FN:11,getById
FN:12,(anonymous_11)
FN:17,createUser
FN:22,updateUser
FN:23,(anonymous_16)
FN:34,_delete
FN:35,(anonymous_19)
FNF:8
FNH:0
FNDA:0,getAllUsers
FNDA:0,getById
FNDA:0,(anonymous_11)
FNDA:0,createUser
FNDA:0,updateUser
FNDA:0,(anonymous_16)
FNDA:0,_delete
FNDA:0,(anonymous_19)
DA:1,1
DA:4,1
DA:7,0
DA:8,0
DA:12,0
DA:13,0
DA:14,0
DA:18,0
DA:19,0
DA:23,0
DA:24,0
DA:25,0
DA:30,0
DA:35,0
DA:36,0
DA:39,1
LF:16
LH:3
BRDA:13,0,0,0
BRDA:24,1,0,0
BRF:2
BRH:0
end_of_record
