TN:
SF:src\app.ts
FN:21,(anonymous_1)
FN:31,(anonymous_2)
FNF:2
FNH:0
FNDA:0,(anonymous_1)
FNDA:0,(anonymous_2)
DA:2,1
DA:3,1
DA:4,1
DA:6,1
DA:7,1
DA:8,1
DA:9,1
DA:10,1
DA:12,1
DA:14,1
DA:17,1
DA:18,1
DA:21,1
DA:22,1
DA:23,1
DA:26,1
DA:27,1
DA:28,1
DA:29,1
DA:31,1
DA:32,0
DA:33,0
LF:22
LH:20
BRF:0
BRH:0
end_of_record
TN:
SF:src\controllers\bookings.ts
FN:7,(anonymous_7)
FN:7,(anonymous_8)
FN:16,(anonymous_9)
FN:16,(anonymous_10)
FN:26,(anonymous_11)
FN:26,(anonymous_12)
FN:36,(anonymous_13)
FN:36,(anonymous_14)
FN:46,(anonymous_15)
FN:46,(anonymous_16)
FNF:10
FNH:6
FNDA:2,(anonymous_7)
FNDA:2,(anonymous_8)
FNDA:1,(anonymous_9)
FNDA:1,(anonymous_10)
FNDA:1,(anonymous_11)
FNDA:1,(anonymous_12)
FNDA:0,(anonymous_13)
FNDA:0,(anonymous_14)
FNDA:0,(anonymous_15)
FNDA:0,(anonymous_16)
DA:1,1
DA:2,1
DA:5,1
DA:7,2
DA:8,2
DA:9,2
DA:10,2
DA:12,0
DA:16,1
DA:17,1
DA:18,1
DA:19,1
DA:20,1
DA:22,0
DA:26,1
DA:27,1
DA:28,1
DA:29,1
DA:30,1
DA:36,1
DA:37,0
DA:38,0
DA:39,0
DA:40,0
DA:42,0
DA:46,1
DA:47,0
DA:48,0
DA:49,0
DA:50,0
DA:52,0
LF:31
LH:19
BRF:0
BRH:0
end_of_record
TN:
SF:src\controllers\contact.ts
FN:7,(anonymous_7)
FN:7,(anonymous_8)
FN:16,(anonymous_9)
FN:16,(anonymous_10)
FN:26,(anonymous_11)
FN:26,(anonymous_12)
FN:36,(anonymous_13)
FN:36,(anonymous_14)
FN:46,(anonymous_15)
FN:46,(anonymous_16)
FNF:10
FNH:0
FNDA:0,(anonymous_7)
FNDA:0,(anonymous_8)
FNDA:0,(anonymous_9)
FNDA:0,(anonymous_10)
FNDA:0,(anonymous_11)
FNDA:0,(anonymous_12)
FNDA:0,(anonymous_13)
FNDA:0,(anonymous_14)
FNDA:0,(anonymous_15)
FNDA:0,(anonymous_16)
DA:1,1
DA:2,1
DA:5,1
DA:7,1
DA:8,0
DA:9,0
DA:10,0
DA:12,0
DA:16,1
DA:17,0
DA:18,0
DA:19,0
DA:20,0
DA:22,0
DA:26,1
DA:27,0
DA:28,0
DA:29,0
DA:30,0
DA:32,0
DA:36,1
DA:37,0
DA:38,0
DA:39,0
DA:40,0
DA:42,0
DA:46,1
DA:47,0
DA:48,0
DA:49,0
DA:50,0
DA:52,0
LF:32
LH:8
BRF:0
BRH:0
end_of_record
TN:
SF:src\controllers\login.ts
FN:6,(anonymous_8)
FN:6,(anonymous_9)
FNF:2
FNH:2
FNDA:3,(anonymous_8)
FNDA:3,(anonymous_9)
DA:1,1
DA:2,1
DA:4,1
DA:6,3
DA:7,3
DA:8,3
DA:9,3
DA:11,3
DA:12,2
DA:14,1
LF:10
LH:10
BRF:0
BRH:0
end_of_record
TN:
SF:src\controllers\rooms.ts
FN:7,(anonymous_7)
FN:7,(anonymous_8)
FN:16,(anonymous_9)
FN:16,(anonymous_10)
FN:26,(anonymous_11)
FN:26,(anonymous_12)
FN:36,(anonymous_13)
FN:36,(anonymous_14)
FN:46,(anonymous_15)
FN:46,(anonymous_16)
FNF:10
FNH:0
FNDA:0,(anonymous_7)
FNDA:0,(anonymous_8)
FNDA:0,(anonymous_9)
FNDA:0,(anonymous_10)
FNDA:0,(anonymous_11)
FNDA:0,(anonymous_12)
FNDA:0,(anonymous_13)
FNDA:0,(anonymous_14)
FNDA:0,(anonymous_15)
FNDA:0,(anonymous_16)
DA:1,1
DA:2,1
DA:5,1
DA:7,1
DA:8,0
DA:9,0
DA:10,0
DA:12,0
DA:16,1
DA:17,0
DA:18,0
DA:19,0
DA:20,0
DA:22,0
DA:26,1
DA:27,0
DA:28,0
DA:29,0
DA:30,0
DA:32,0
DA:36,1
DA:37,0
DA:38,0
DA:39,0
DA:40,0
DA:42,0
DA:46,1
DA:47,0
DA:48,0
DA:49,0
DA:50,0
DA:52,0
LF:32
LH:8
BRF:0
BRH:0
end_of_record
TN:
SF:src\controllers\users.ts
FN:7,(anonymous_7)
FN:7,(anonymous_8)
FN:16,(anonymous_9)
FN:16,(anonymous_10)
FN:26,(anonymous_11)
FN:26,(anonymous_12)
FN:36,(anonymous_13)
FN:36,(anonymous_14)
FN:46,(anonymous_15)
FN:46,(anonymous_16)
FNF:10
FNH:0
FNDA:0,(anonymous_7)
FNDA:0,(anonymous_8)
FNDA:0,(anonymous_9)
FNDA:0,(anonymous_10)
FNDA:0,(anonymous_11)
FNDA:0,(anonymous_12)
FNDA:0,(anonymous_13)
FNDA:0,(anonymous_14)
FNDA:0,(anonymous_15)
FNDA:0,(anonymous_16)
DA:1,1
DA:3,1
DA:5,1
DA:7,1
DA:8,0
DA:9,0
DA:10,0
DA:12,0
DA:16,1
DA:17,0
DA:18,0
DA:19,0
DA:20,0
DA:22,0
DA:26,1
DA:27,0
DA:28,0
DA:29,0
DA:30,0
DA:32,0
DA:36,1
DA:37,0
DA:38,0
DA:39,0
DA:40,0
DA:42,0
DA:46,1
DA:47,0
DA:48,0
DA:49,0
DA:50,0
DA:52,0
LF:32
LH:8
BRF:0
BRH:0
end_of_record
TN:
SF:src\data\bookingData.ts
FNF:0
FNH:0
DA:3,1
LF:1
LH:1
BRF:0
BRH:0
end_of_record
TN:
SF:src\data\contactData.ts
FNF:0
FNH:0
DA:3,1
LF:1
LH:1
BRF:0
BRH:0
end_of_record
TN:
SF:src\data\roomsData.ts
FNF:0
FNH:0
DA:3,1
LF:1
LH:1
BRF:0
BRH:0
end_of_record
TN:
SF:src\data\usersData.ts
FNF:0
FNH:0
DA:3,1
LF:1
LH:1
BRF:0
BRH:0
end_of_record
TN:
SF:src\middlewares\auth.ts
FN:5,authMiddleware
FNF:1
FNH:1
FNDA:5,authMiddleware
DA:2,1
DA:5,1
DA:6,5
DA:7,5
DA:8,5
DA:9,4
DA:11,1
LF:7
LH:7
BRDA:6,0,0,5
BRDA:6,0,1,1
BRF:2
BRH:2
end_of_record
TN:
SF:src\services\bookings.ts
FN:6,getAllBookings
FN:11,getById
FN:12,(anonymous_11)
FN:17,createBooking
FN:22,updateBooking
FN:23,(anonymous_16)
FN:34,_delete
FN:35,(anonymous_19)
FNF:8
FNH:4
FNDA:2,getAllBookings
FNDA:1,getById
FNDA:1,(anonymous_11)
FNDA:1,createBooking
FNDA:0,updateBooking
FNDA:0,(anonymous_16)
FNDA:0,_delete
FNDA:0,(anonymous_19)
DA:1,1
DA:4,1
DA:7,2
DA:8,2
DA:12,1
DA:13,1
DA:14,1
DA:18,1
DA:19,1
DA:23,0
DA:24,0
DA:25,0
DA:30,0
DA:35,0
DA:36,0
DA:39,1
LF:16
LH:10
BRDA:13,0,0,0
BRDA:24,1,0,0
BRF:2
BRH:0
end_of_record
TN:
SF:src\services\contact.ts
FN:6,getAllContact
FN:11,getById
FN:12,(anonymous_11)
FN:17,createContact
FN:22,updateContact
FN:23,(anonymous_16)
FN:34,_delete
FN:35,(anonymous_19)
FNF:8
FNH:0
FNDA:0,getAllContact
FNDA:0,getById
FNDA:0,(anonymous_11)
FNDA:0,createContact
FNDA:0,updateContact
FNDA:0,(anonymous_16)
FNDA:0,_delete
FNDA:0,(anonymous_19)
DA:1,1
DA:4,1
DA:7,0
DA:8,0
DA:12,0
DA:13,0
DA:14,0
DA:18,0
DA:19,0
DA:23,0
DA:24,0
DA:25,0
DA:30,0
DA:35,0
DA:36,0
DA:39,1
LF:16
LH:3
BRDA:13,0,0,0
BRDA:24,1,0,0
BRF:2
BRH:0
end_of_record
TN:
SF:src\services\login.ts
FN:11,login
FN:18,signJWT
FN:22,verifyJWT
FN:23,(anonymous_12)
FNF:4
FNH:4
FNDA:3,login
FNDA:2,signJWT
FNDA:5,verifyJWT
FNDA:5,(anonymous_12)
DA:1,1
DA:2,1
DA:4,1
DA:9,1
DA:12,3
DA:13,2
DA:14,2
DA:16,1
DA:19,2
DA:20,2
DA:23,5
DA:24,5
DA:25,1
DA:26,4
DA:30,1
DA:36,1
LF:16
LH:16
BRDA:9,0,0,1
BRDA:9,0,1,0
BRDA:12,1,0,2
BRDA:12,2,0,3
BRDA:12,2,1,2
BRDA:24,3,0,1
BRF:6
BRH:5
end_of_record
TN:
SF:src\services\rooms.ts
FN:6,getAllRooms
FN:11,getById
FN:12,(anonymous_11)
FN:17,createRoom
FN:22,updateRoom
FN:23,(anonymous_16)
FN:34,_delete
FN:35,(anonymous_19)
FNF:8
FNH:0
FNDA:0,getAllRooms
FNDA:0,getById
FNDA:0,(anonymous_11)
FNDA:0,createRoom
FNDA:0,updateRoom
FNDA:0,(anonymous_16)
FNDA:0,_delete
FNDA:0,(anonymous_19)
DA:1,1
DA:4,1
DA:7,0
DA:8,0
DA:12,0
DA:13,0
DA:14,0
DA:18,0
DA:19,0
DA:23,0
DA:24,0
DA:25,0
DA:30,0
DA:35,0
DA:36,0
DA:39,1
LF:16
LH:3
BRDA:13,0,0,0
BRDA:24,1,0,0
BRF:2
BRH:0
end_of_record
TN:
SF:src\services\users.ts
FN:6,getAllUsers
FN:11,getById
FN:12,(anonymous_11)
FN:17,createUser
FN:22,updateUser
FN:23,(anonymous_16)
FN:34,_delete
FN:35,(anonymous_19)
FNF:8
FNH:0
FNDA:0,getAllUsers
FNDA:0,getById
FNDA:0,(anonymous_11)
FNDA:0,createUser
FNDA:0,updateUser
FNDA:0,(anonymous_16)
FNDA:0,_delete
FNDA:0,(anonymous_19)
DA:1,1
DA:4,1
DA:7,0
DA:8,0
DA:12,0
DA:13,0
DA:14,0
DA:18,0
DA:19,0
DA:23,0
DA:24,0
DA:25,0
DA:30,0
DA:35,0
DA:36,0
DA:39,1
LF:16
LH:3
BRDA:13,0,0,0
BRDA:24,1,0,0
BRF:2
BRH:0
end_of_record
